2021-07-30 12:45:04,831 INFO o.a.j.u.JMeterUtils: Setting Locale to en_EN
2021-07-30 12:45:04,845 INFO o.a.j.JMeter: Loading user properties from: user.properties
2021-07-30 12:45:04,846 INFO o.a.j.JMeter: Loading system properties from: system.properties
2021-07-30 12:45:04,856 INFO o.a.j.JMeter: Copyright (c) 1998-2021 The Apache Software Foundation
2021-07-30 12:45:04,856 INFO o.a.j.JMeter: Version 5.4.1
2021-07-30 12:45:04,856 INFO o.a.j.JMeter: java.version=1.8.0_292
2021-07-30 12:45:04,857 INFO o.a.j.JMeter: java.vm.name=OpenJDK 64-Bit Server VM
2021-07-30 12:45:04,857 INFO o.a.j.JMeter: os.name=Windows 10
2021-07-30 12:45:04,857 INFO o.a.j.JMeter: os.arch=amd64
2021-07-30 12:45:04,857 INFO o.a.j.JMeter: os.version=10.0
2021-07-30 12:45:04,857 INFO o.a.j.JMeter: file.encoding=Cp1252
2021-07-30 12:45:04,857 INFO o.a.j.JMeter: java.awt.headless=true
2021-07-30 12:45:04,857 INFO o.a.j.JMeter: Max memory     =1073741824
2021-07-30 12:45:04,857 INFO o.a.j.JMeter: Available Processors =8
2021-07-30 12:45:04,861 INFO o.a.j.JMeter: Default Locale=English (EN)
2021-07-30 12:45:04,862 INFO o.a.j.JMeter: JMeter  Locale=English (EN)
2021-07-30 12:45:04,862 INFO o.a.j.JMeter: JMeterHome=D:\apache-jmeter-5.4.1
2021-07-30 12:45:04,862 INFO o.a.j.JMeter: user.dir  =D:\apache-jmeter-5.4.1\bin
2021-07-30 12:45:04,862 INFO o.a.j.JMeter: PWD       =D:\apache-jmeter-5.4.1\bin
2021-07-30 12:45:04,864 INFO o.a.j.JMeter: IP: 192.168.0.4 Name: 94N0PT2 FullName: 94N0PT2.infotech.com
2021-07-30 12:45:04,867 INFO o.a.j.JMeter: Setting property 'jmeter.reportgenerator.outputdir' to:'E:\OnlineShop_1.html'
2021-07-30 12:45:04,869 INFO o.a.j.s.FileServer: Default base='D:\apache-jmeter-5.4.1\bin'
2021-07-30 12:45:04,870 INFO o.a.j.s.FileServer: Set new base='E:\'
2021-07-30 12:45:04,992 INFO o.a.j.s.SaveService: Testplan (JMX) version: 2.2. Testlog (JTL) version: 2.2
2021-07-30 12:45:05,007 INFO o.a.j.s.SaveService: Using SaveService properties file encoding UTF-8
2021-07-30 12:45:05,012 INFO o.a.j.s.SaveService: Using SaveService properties version 5.0
2021-07-30 12:45:05,017 INFO o.a.j.s.SaveService: Loading file: E:\OnlineShop_1.jmx
2021-07-30 12:45:05,049 INFO o.a.j.p.h.c.CacheManager: Will only cache the following methods: [GET]
2021-07-30 12:45:05,051 INFO o.a.j.p.h.c.CookieManager: Settings: Delete null: true Check: true Allow variable: true Save: false Prefix: COOKIE_
2021-07-30 12:45:05,069 INFO o.a.j.p.h.s.HTTPSamplerBase: Parser for text/html is org.apache.jmeter.protocol.http.parser.LagartoBasedHtmlParser
2021-07-30 12:45:05,069 INFO o.a.j.p.h.s.HTTPSamplerBase: Parser for application/xhtml+xml is org.apache.jmeter.protocol.http.parser.LagartoBasedHtmlParser
2021-07-30 12:45:05,069 INFO o.a.j.p.h.s.HTTPSamplerBase: Parser for application/xml is org.apache.jmeter.protocol.http.parser.LagartoBasedHtmlParser
2021-07-30 12:45:05,069 INFO o.a.j.p.h.s.HTTPSamplerBase: Parser for text/xml is org.apache.jmeter.protocol.http.parser.LagartoBasedHtmlParser
2021-07-30 12:45:05,069 INFO o.a.j.p.h.s.HTTPSamplerBase: Parser for text/vnd.wap.wml is org.apache.jmeter.protocol.http.parser.RegexpHTMLParser
2021-07-30 12:45:05,069 INFO o.a.j.p.h.s.HTTPSamplerBase: Parser for text/css is org.apache.jmeter.protocol.http.parser.CssParser
2021-07-30 12:45:05,348 INFO o.a.j.e.KeyToolUtils: keytool found at 'keytool'
2021-07-30 12:45:05,349 INFO o.a.j.p.h.p.ProxyControl: HTTP(S) Test Script Recorder SSL Proxy will use keys that support embedded 3rd party resources in file D:\apache-jmeter-5.4.1\bin\proxyserver.jks
2021-07-30 12:45:05,368 INFO o.a.j.JMeter: Creating summariser <summary>
2021-07-30 12:45:05,373 INFO o.a.j.r.d.ReportGenerator: ReportGenerator will use for Parsing the separator: ','
2021-07-30 12:45:05,373 INFO o.a.j.r.d.ReportGenerator: Will generate report at end of test from  results file: E:\OnlineShop_result.jtl
2021-07-30 12:45:05,374 INFO o.a.j.r.d.ReportGenerator: Reading report generator properties from: D:\apache-jmeter-5.4.1\bin\reportgenerator.properties
2021-07-30 12:45:05,374 INFO o.a.j.r.d.ReportGenerator: Merging with JMeter properties
2021-07-30 12:45:05,378 INFO o.a.j.r.c.ReportGeneratorConfiguration: Property 'jmeter.reportgenerator.temp_dir' not found, using default value 'temp' instead.
2021-07-30 12:45:05,380 INFO o.a.j.r.c.ReportGeneratorConfiguration: Property 'jmeter.reportgenerator.apdex_per_transaction' not found, using default value 'null' instead.
2021-07-30 12:45:05,381 INFO o.a.j.r.c.ReportGeneratorConfiguration: apdex_per_transaction is empty, not APDEX per transaction customization
2021-07-30 12:45:05,381 INFO o.a.j.r.c.ReportGeneratorConfiguration: Property 'jmeter.reportgenerator.sample_filter' not found, using default value 'null' instead.
2021-07-30 12:45:05,381 INFO o.a.j.r.c.ReportGeneratorConfiguration: Property 'jmeter.reportgenerator.report_title' not found, using default value 'null' instead.
2021-07-30 12:45:05,381 INFO o.a.j.r.c.ReportGeneratorConfiguration: Property 'jmeter.reportgenerator.start_date' not found, using default value 'null' instead.
2021-07-30 12:45:05,381 INFO o.a.j.r.c.ReportGeneratorConfiguration: Property 'jmeter.reportgenerator.end_date' not found, using default value 'null' instead.
2021-07-30 12:45:05,381 INFO o.a.j.r.c.ReportGeneratorConfiguration: Property 'jmeter.reportgenerator.date_format' not found, using default value 'null' instead.
2021-07-30 12:45:05,382 INFO o.a.j.r.c.ReportGeneratorConfiguration: Will use date range start date: null, end date: null
2021-07-30 12:45:05,386 INFO o.a.j.r.c.ReportGeneratorConfiguration: Property 'jmeter.reportgenerator.graph.totalTPS.exclude_controllers' not found, using default value 'false' instead.
2021-07-30 12:45:05,386 INFO o.a.j.r.c.ReportGeneratorConfiguration: Property 'jmeter.reportgenerator.graph.activeThreadsOverTime.exclude_controllers' not found, using default value 'false' instead.
2021-07-30 12:45:05,386 INFO o.a.j.r.c.ReportGeneratorConfiguration: Property 'jmeter.reportgenerator.graph.timeVsThreads.exclude_controllers' not found, using default value 'false' instead.
2021-07-30 12:45:05,386 INFO o.a.j.r.c.ReportGeneratorConfiguration: Property 'jmeter.reportgenerator.graph.responseTimeDistribution.exclude_controllers' not found, using default value 'false' instead.
2021-07-30 12:45:05,386 INFO o.a.j.r.c.ReportGeneratorConfiguration: Property 'jmeter.reportgenerator.graph.transactionsPerSecond.exclude_controllers' not found, using default value 'false' instead.
2021-07-30 12:45:05,386 INFO o.a.j.r.c.ReportGeneratorConfiguration: Property 'jmeter.reportgenerator.graph.responseTimePercentiles.exclude_controllers' not found, using default value 'false' instead.
2021-07-30 12:45:05,386 INFO o.a.j.r.c.ReportGeneratorConfiguration: Property 'jmeter.reportgenerator.graph.responseTimePercentilesOverTime.exclude_controllers' not found, using default value 'false' instead.
2021-07-30 12:45:05,387 INFO o.a.j.r.c.ReportGeneratorConfiguration: Property 'jmeter.reportgenerator.graph.responseTimesOverTime.exclude_controllers' not found, using default value 'false' instead.
2021-07-30 12:45:05,387 INFO o.a.j.r.c.ReportGeneratorConfiguration: Property 'jmeter.reportgenerator.graph.connectTimeOverTime.exclude_controllers' not found, using default value 'false' instead.
2021-07-30 12:45:05,387 INFO o.a.j.r.c.ReportGeneratorConfiguration: Property 'jmeter.reportgenerator.graph.latenciesOverTime.exclude_controllers' not found, using default value 'false' instead.
2021-07-30 12:45:05,388 INFO o.a.j.r.c.ReportGeneratorConfiguration: Property 'jmeter.reportgenerator.exporter.json.filters_only_sample_series' not found, using default value 'true' instead.
2021-07-30 12:45:05,388 INFO o.a.j.r.c.ReportGeneratorConfiguration: Property 'jmeter.reportgenerator.exporter.json.series_filter' not found, using default value '' instead.
2021-07-30 12:45:05,388 INFO o.a.j.r.c.ReportGeneratorConfiguration: Property 'jmeter.reportgenerator.exporter.json.show_controllers_only' not found, using default value 'false' instead.
2021-07-30 12:45:05,388 INFO o.a.j.r.c.ReportGeneratorConfiguration: Property 'jmeter.reportgenerator.exporter.html.filters_only_sample_series' not found, using default value 'true' instead.
2021-07-30 12:45:05,388 INFO o.a.j.r.c.ReportGeneratorConfiguration: Property 'jmeter.reportgenerator.exporter.html.series_filter' not found, using default value '' instead.
2021-07-30 12:45:05,388 INFO o.a.j.r.c.ReportGeneratorConfiguration: Property 'jmeter.reportgenerator.exporter.html.show_controllers_only' not found, using default value 'false' instead.
2021-07-30 12:45:05,393 INFO o.a.j.e.StandardJMeterEngine: Running the test!
2021-07-30 12:45:05,393 INFO o.a.j.s.SampleEvent: List of sample_variables: []
2021-07-30 12:45:05,393 INFO o.a.j.s.SampleEvent: List of sample_variables: []
2021-07-30 12:45:05,397 INFO o.a.j.e.u.CompoundVariable: Note: Function class names must contain the string: '.functions.'
2021-07-30 12:45:05,397 INFO o.a.j.e.u.CompoundVariable: Note: Function class names must not contain the string: '.gui.'
2021-07-30 12:45:05,707 INFO o.a.j.JMeter: Running test (1627629305707)
2021-07-30 12:45:05,744 INFO o.a.j.e.StandardJMeterEngine: Starting ThreadGroup: 1 : Thread Group
2021-07-30 12:45:05,744 INFO o.a.j.e.StandardJMeterEngine: Starting 1 threads for group Thread Group.
2021-07-30 12:45:05,745 INFO o.a.j.e.StandardJMeterEngine: Thread will continue on error
2021-07-30 12:45:05,745 INFO o.a.j.t.ThreadGroup: Starting thread group... number=1 threads=1 ramp-up=1 delayedStart=false
2021-07-30 12:45:05,751 INFO o.a.j.t.ThreadGroup: Started thread group number 1
2021-07-30 12:45:05,751 INFO o.a.j.e.StandardJMeterEngine: All thread groups have been started
2021-07-30 12:45:05,753 INFO o.a.j.s.SampleResult: Note: Sample TimeStamps are START times
2021-07-30 12:45:05,753 INFO o.a.j.s.SampleResult: sampleresult.default.encoding is set to ISO-8859-1
2021-07-30 12:45:05,753 INFO o.a.j.s.SampleResult: sampleresult.useNanoTime=true
2021-07-30 12:45:05,753 INFO o.a.j.s.SampleResult: sampleresult.nanoThreadSleep=5000
2021-07-30 12:45:05,755 INFO o.a.j.t.JMeterThread: Thread started: Thread Group 1-1
2021-07-30 12:45:05,771 INFO o.a.j.p.h.s.HTTPHCAbstractImpl: Local host = 94N0PT2
2021-07-30 12:45:05,775 INFO o.a.j.p.h.s.HTTPHC4Impl: HTTP request retry count = 0
2021-07-30 12:45:06,358 INFO o.a.j.p.h.p.BaseParser: Created org.apache.jmeter.protocol.http.parser.LagartoBasedHtmlParser
2021-07-30 12:45:06,442 INFO o.a.j.p.h.p.BaseParser: Created org.apache.jmeter.protocol.http.parser.CssParser
2021-07-30 12:45:14,935 INFO o.a.j.t.JMeterThread: Thread is done: Thread Group 1-1
2021-07-30 12:45:14,935 INFO o.a.j.t.JMeterThread: Thread finished: Thread Group 1-1
2021-07-30 12:45:14,937 INFO o.a.j.e.StandardJMeterEngine: Notifying test listeners of end of test
2021-07-30 12:45:14,960 INFO o.a.j.r.Summariser: summary =      0 in 00:00:00 = ******/s Avg:     0 Min: 9223372036854775807 Max: -9223372036854775808 Err:     0 (0.00%)
2021-07-30 12:45:14,961 INFO o.a.j.JMeter: Generating Dashboard
2021-07-30 12:45:14,961 INFO o.a.j.r.d.ReportGenerator: Flushing result collector before report Generation
2021-07-30 12:45:15,134 INFO o.a.j.r.p.NormalizerSampleConsumer: Using format, 'ms', to parse timeStamp field
2021-07-30 12:45:15,548 INFO o.a.j.r.p.AbstractSampleConsumer: class org.apache.jmeter.report.processor.AggregateConsumer#stopProducing(): beginDate produced 0 samples
2021-07-30 12:45:15,548 INFO o.a.j.r.p.AbstractSampleConsumer: class org.apache.jmeter.report.processor.AggregateConsumer#stopProducing(): endDate produced 0 samples
2021-07-30 12:45:15,550 INFO o.a.j.r.p.AbstractSampleConsumer: class org.apache.jmeter.report.processor.ApdexSummaryConsumer#stopProducing(): apdexSummary produced 0 samples
2021-07-30 12:45:15,550 INFO o.a.j.r.p.AbstractSampleConsumer: class org.apache.jmeter.report.processor.RequestsSummaryConsumer#stopProducing(): requestsSummary produced 0 samples
2021-07-30 12:45:15,556 INFO o.a.j.r.p.AbstractSampleConsumer: class org.apache.jmeter.report.processor.StatisticsSummaryConsumer#stopProducing(): statisticsSummary produced 0 samples
2021-07-30 12:45:15,603 INFO o.a.j.r.p.AbstractSampleConsumer: class org.apache.jmeter.report.processor.Top5ErrorsBySamplerConsumer#stopProducing(): top5ErrorsBySampler produced 0 samples
2021-07-30 12:45:15,604 INFO o.a.j.r.p.AbstractSampleConsumer: class org.apache.jmeter.report.processor.ErrorsSummaryConsumer#stopProducing(): errorsSummary produced 0 samples
2021-07-30 12:45:15,604 INFO o.a.j.r.p.AbstractSampleConsumer: class org.apache.jmeter.report.processor.graph.impl.HitsPerSecondGraphConsumer#stopProducing(): hitsPerSecond produced 0 samples
2021-07-30 12:45:15,614 INFO o.a.j.r.p.AbstractSampleConsumer: class org.apache.jmeter.report.processor.graph.impl.LatencyVSRequestGraphConsumer#stopProducing(): latencyVsRequest produced 0 samples
2021-07-30 12:45:15,614 INFO o.a.j.r.p.AbstractSampleConsumer: class org.apache.jmeter.report.processor.graph.impl.SyntheticResponseTimeDistributionGraphConsumer#stopProducing(): syntheticResponseTimeDistribution produced 0 samples
2021-07-30 12:45:15,614 INFO o.a.j.r.p.AbstractSampleConsumer: class org.apache.jmeter.report.processor.graph.impl.BytesThroughputGraphConsumer#stopProducing(): bytesThroughputOverTime produced 0 samples
2021-07-30 12:45:15,614 INFO o.a.j.r.p.AbstractSampleConsumer: class org.apache.jmeter.report.processor.graph.impl.CodesPerSecondGraphConsumer#stopProducing(): codesPerSecond produced 0 samples
2021-07-30 12:45:15,618 INFO o.a.j.r.p.AbstractSampleConsumer: class org.apache.jmeter.report.processor.graph.impl.ResponseTimeVSRequestGraphConsumer#stopProducing(): responseTimeVsRequest produced 0 samples
2021-07-30 12:45:15,619 INFO o.a.j.r.p.AbstractSampleConsumer: class org.apache.jmeter.report.processor.FilterConsumer#stopProducing(): startIntervalControlerFilter produced 154 samples
2021-07-30 12:45:15,619 INFO o.a.j.r.p.AbstractSampleConsumer: class org.apache.jmeter.report.processor.graph.impl.TotalTPSGraphConsumer#stopProducing(): totalTPS produced 0 samples
2021-07-30 12:45:15,619 INFO o.a.j.r.p.AbstractSampleConsumer: class org.apache.jmeter.report.processor.graph.impl.ActiveThreadsGraphConsumer#stopProducing(): activeThreadsOverTime produced 0 samples
2021-07-30 12:45:15,619 INFO o.a.j.r.p.AbstractSampleConsumer: class org.apache.jmeter.report.processor.graph.impl.TimeVSThreadGraphConsumer#stopProducing(): timeVsThreads produced 0 samples
2021-07-30 12:45:15,622 INFO o.a.j.r.p.AbstractSampleConsumer: class org.apache.jmeter.report.processor.graph.impl.ResponseTimeDistributionGraphConsumer#stopProducing(): responseTimeDistribution produced 0 samples
2021-07-30 12:45:15,622 INFO o.a.j.r.p.AbstractSampleConsumer: class org.apache.jmeter.report.processor.graph.impl.TransactionsPerSecondGraphConsumer#stopProducing(): transactionsPerSecond produced 0 samples
2021-07-30 12:45:15,622 INFO o.a.j.r.p.AbstractSampleConsumer: class org.apache.jmeter.report.processor.graph.impl.ResponseTimePercentilesGraphConsumer#stopProducing(): responseTimePercentiles produced 0 samples
2021-07-30 12:45:15,630 INFO o.a.j.r.p.AbstractSampleConsumer: class org.apache.jmeter.report.processor.graph.impl.ResponseTimePercentilesOverTimeGraphConsumer#stopProducing(): responseTimePercentilesOverTime produced 0 samples
2021-07-30 12:45:15,631 INFO o.a.j.r.p.AbstractSampleConsumer: class org.apache.jmeter.report.processor.graph.impl.ResponseTimeOverTimeGraphConsumer#stopProducing(): responseTimesOverTime produced 0 samples
2021-07-30 12:45:15,631 INFO o.a.j.r.p.AbstractSampleConsumer: class org.apache.jmeter.report.processor.graph.impl.ConnectTimeOverTimeGraphConsumer#stopProducing(): connectTimeOverTime produced 0 samples
2021-07-30 12:45:15,632 INFO o.a.j.r.p.AbstractSampleConsumer: class org.apache.jmeter.report.processor.graph.impl.LatencyOverTimeGraphConsumer#stopProducing(): latenciesOverTime produced 0 samples
2021-07-30 12:45:15,632 INFO o.a.j.r.p.AbstractSampleConsumer: class org.apache.jmeter.report.processor.FilterConsumer#stopProducing(): nameFilter produced 450 samples
2021-07-30 12:45:15,632 INFO o.a.j.r.p.AbstractSampleConsumer: class org.apache.jmeter.report.processor.FilterConsumer#stopProducing(): dateRangeFilter produced 90 samples
2021-07-30 12:45:15,632 INFO o.a.j.r.p.AbstractSampleConsumer: class org.apache.jmeter.report.processor.NormalizerSampleConsumer#stopProducing(): normalizer produced 30 samples
2021-07-30 12:45:15,633 INFO o.a.j.r.p.CsvFileSampleSource: produce(): 30 samples produced in 444ms on channel 0
2021-07-30 12:45:15,633 INFO o.a.j.r.d.ReportGenerator: Exporting data using exporter:'json' of className:'org.apache.jmeter.report.dashboard.JsonExporter'
2021-07-30 12:45:15,757 INFO o.a.j.r.d.JsonExporter: Found data for consumer statisticsSummary in context
2021-07-30 12:45:15,757 INFO o.a.j.r.d.JsonExporter: Creating statistics for overall
2021-07-30 12:45:15,757 INFO o.a.j.r.d.JsonExporter: Creating statistics for other transactions
2021-07-30 12:45:15,757 INFO o.a.j.r.d.JsonExporter: Checking output folder
2021-07-30 12:45:15,758 INFO o.a.j.r.d.JsonExporter: Writing statistics JSON to E:\OnlineShop_1.html\statistics.json
2021-07-30 12:45:15,864 INFO o.a.j.r.d.ReportGenerator: Exporting data using exporter:'html' of className:'org.apache.jmeter.report.dashboard.HtmlTemplateExporter'
2021-07-30 12:45:15,868 INFO o.a.j.r.d.HtmlTemplateExporter: Will generate dashboard in folder: E:\OnlineShop_1.html
2021-07-30 12:45:16,099 INFO o.a.j.r.d.HtmlTemplateExporter: Report will be generated in: E:\OnlineShop_1.html, creating folder structure
2021-07-30 12:45:16,103 INFO o.a.j.r.d.TemplateVisitor: Copying folder from 'D:\apache-jmeter-5.4.1\bin\report-template' to 'E:\OnlineShop_1.html', got message: E:\OnlineShop_1.html, found non empty folder with following content [E:\OnlineShop_1.html\statistics.json], will be ignored
2021-07-30 12:45:17,806 INFO o.a.j.JMeter: Dashboard generated
